<?xml version="1.0" encoding="utf-8"?><testsuites name="pytest tests"><testsuite name="pytest" errors="0" failures="0" skipped="0" tests="81" time="16.542" timestamp="2026-06-09T11:27:09.499740+00:00" hostname="agent-env-04384488-a899-49fd-9964-9a3e88bc12a2"><testcase classname="backend.tests.test_saral_funding_backend.TestHealth" name="test_root" time="0.176" /><testcase classname="backend.tests.test_saral_funding_backend.TestAuth" name="test_send_otp_returns_mock_code" time="0.046" /><testcase classname="backend.tests.test_saral_funding_backend.TestAuth" name="test_send_otp_invalid_mobile" time="0.045" /><testcase classname="backend.tests.test_saral_funding_backend.TestAuth" name="test_verify_otp_wrong_code" time="0.057" /><testcase classname="backend.tests.test_saral_funding_backend.TestAuth" name="test_verify_otp_success_creates_user" time="0.087" /><testcase classname="backend.tests.test_saral_funding_backend.TestAuth" name="test_me_with_token" time="0.047" /><testcase classname="backend.tests.test_saral_funding_backend.TestAuth" name="test_me_without_auth" time="0.044" /><testcase classname="backend.tests.test_saral_funding_backend.TestAuth" name="test_me_invalid_token" time="0.047" /><testcase classname="backend.tests.test_saral_funding_backend.TestOnboarding" name="test_save_personal_profile_advances_step" time="0.091" /><testcase classname="backend.tests.test_saral_funding_backend.TestOnboarding" name="test_save_business_profile_advances_step" time="0.137" /><testcase classname="backend.tests.test_saral_funding_backend.TestOnboarding" name="test_save_funding_assessment_advances_and_triggers_match" time="1.296" /><testcase classname="backend.tests.test_saral_funding_backend.TestMatches" name="test_match_me_returns_dashboard" time="0.046" /><testcase classname="backend.tests.test_saral_funding_backend.TestSchemes" name="test_list_all_schemes_seeded" time="0.045" /><testcase classname="backend.tests.test_saral_funding_backend.TestSchemes" name="test_filter_by_category_women" time="0.044" /><testcase classname="backend.tests.test_saral_funding_backend.TestSchemes" name="test_filter_by_category_manufacturing" time="0.044" /><testcase classname="backend.tests.test_saral_funding_backend.TestSchemes" name="test_filter_by_category_startup_and_msme" time="0.088" /><testcase classname="backend.tests.test_saral_funding_backend.TestSchemes" name="test_search_query" time="0.044" /><testcase classname="backend.tests.test_saral_funding_backend.TestSchemes" name="test_scheme_detail" time="0.044" /><testcase classname="backend.tests.test_saral_funding_backend.TestSchemes" name="test_scheme_detail_not_found" time="0.046" /><testcase classname="backend.tests.test_saral_funding_backend.TestAdvisor" name="test_advisor_chat_and_history" time="3.168" /><testcase classname="backend.tests.test_saral_funding_backend.TestConsultations" name="test_book_and_list_consultation" time="0.091" /><testcase classname="backend.tests.test_saral_funding_backend.TestNotifications" name="test_notifications_list_and_mark_read" time="0.137" /><testcase classname="backend.tests.test_saral_funding_backend.TestAuthProtection" name="test_protected_endpoint_requires_auth[get-/api/auth/me-None]" time="0.044" /><testcase classname="backend.tests.test_saral_funding_backend.TestAuthProtection" name="test_protected_endpoint_requires_auth[post-/api/profile-body1]" time="0.044" /><testcase classname="backend.tests.test_saral_funding_backend.TestAuthProtection" name="test_protected_endpoint_requires_auth[post-/api/business-profile-body2]" time="0.041" /><testcase classname="backend.tests.test_saral_funding_backend.TestAuthProtection" name="test_protected_endpoint_requires_auth[get-/api/business-profile-None]" time="0.044" /><testcase classname="backend.tests.test_saral_funding_backend.TestAuthProtection" name="test_protected_endpoint_requires_auth[post-/api/funding-assessment-body4]" time="0.041" /><testcase classname="backend.tests.test_saral_funding_backend.TestAuthProtection" name="test_protected_endpoint_requires_auth[get-/api/funding-assessment-None]" time="0.042" /><testcase classname="backend.tests.test_saral_funding_backend.TestAuthProtection" name="test_protected_endpoint_requires_auth[get-/api/match/me-None]" time="0.043" /><testcase classname="backend.tests.test_saral_funding_backend.TestAuthProtection" name="test_protected_endpoint_requires_auth[post-/api/match/recompute-body7]" time="0.042" /><testcase classname="backend.tests.test_saral_funding_backend.TestAuthProtection" name="test_protected_endpoint_requires_auth[post-/api/advisor/chat-body8]" time="0.042" /><testcase classname="backend.tests.test_saral_funding_backend.TestAuthProtection" name="test_protected_endpoint_requires_auth[get-/api/advisor/history-None]" time="0.043" /><testcase classname="backend.tests.test_saral_funding_backend.TestAuthProtection" name="test_protected_endpoint_requires_auth[delete-/api/advisor/history-None]" time="0.043" /><testcase classname="backend.tests.test_saral_funding_backend.TestAuthProtection" name="test_protected_endpoint_requires_auth[post-/api/consultations-body11]" time="0.041" /><testcase classname="backend.tests.test_saral_funding_backend.TestAuthProtection" name="test_protected_endpoint_requires_auth[get-/api/consultations/me-None]" time="0.042" /><testcase classname="backend.tests.test_saral_funding_backend.TestAuthProtection" name="test_protected_endpoint_requires_auth[get-/api/notifications/me-None]" time="0.041" /><testcase classname="backend.tests.test_saral_funding_v1.TestFirebaseScaffold" name="test_root_reports_firebase_disabled" time="0.123" /><testcase classname="backend.tests.test_saral_funding_v1.TestFirebaseScaffold" name="test_firebase_verify_disabled_returns_401" time="0.040" /><testcase classname="backend.tests.test_saral_funding_v1.TestBanks" name="test_list_banks_returns_9" time="0.043" /><testcase classname="backend.tests.test_saral_funding_v1.TestBanks" name="test_get_bank_detail" time="0.047" /><testcase classname="backend.tests.test_saral_funding_v1.TestBanks" name="test_get_bank_not_found" time="0.043" /><testcase classname="backend.tests.test_saral_funding_v1.TestBanks" name="test_recommend_my_banks" time="1.825" /><testcase classname="backend.tests.test_saral_funding_v1.TestBanks" name="test_compare_banks" time="0.050" /><testcase classname="backend.tests.test_saral_funding_v1.TestReadiness" name="test_my_readiness" time="0.048" /><testcase classname="backend.tests.test_saral_funding_v1.TestAlerts" name="test_evaluate_alerts_and_dedupe" time="0.093" /><testcase classname="backend.tests.test_saral_funding_v1.TestAdvisorStructured" name="test_structured_response_shape" time="5.446" /><testcase classname="backend.tests.test_saral_funding_v1.TestConsultationCreatesLead" name="test_book_consultation_creates_lead" time="0.171" /><testcase classname="backend.tests.test_saral_funding_v1.TestRBAC" name="test_non_admin_forbidden[get-/api/admin/overview]" time="0.042" /><testcase classname="backend.tests.test_saral_funding_v1.TestRBAC" name="test_non_admin_forbidden[get-/api/admin/users]" time="0.044" /><testcase classname="backend.tests.test_saral_funding_v1.TestRBAC" name="test_non_admin_forbidden[get-/api/admin/schemes]" time="0.041" /><testcase classname="backend.tests.test_saral_funding_v1.TestRBAC" name="test_non_admin_forbidden[get-/api/admin/consultations]" time="0.041" /><testcase classname="backend.tests.test_saral_funding_v1.TestRBAC" name="test_non_admin_forbidden[get-/api/admin/leads]" time="0.046" /><testcase classname="backend.tests.test_saral_funding_v1.TestRBAC" name="test_non_admin_forbidden[get-/api/admin/analytics]" time="0.051" /><testcase classname="backend.tests.test_saral_funding_v1.TestRBAC" name="test_non_admin_forbidden[get-/api/admin/exports/users.csv]" time="0.043" /><testcase classname="backend.tests.test_saral_funding_v1.TestRBAC" name="test_non_admin_forbidden[get-/api/admin/exports/leads.csv]" time="0.042" /><testcase classname="backend.tests.test_saral_funding_v1.TestRBAC" name="test_non_admin_forbidden[get-/api/admin/exports/consultations.csv]" time="0.041" /><testcase classname="backend.tests.test_saral_funding_v1.TestRBAC" name="test_non_admin_forbidden[get-/api/admin/exports/schemes.csv]" time="0.041" /><testcase classname="backend.tests.test_saral_funding_v1.TestRBAC" name="test_missing_token_401[/api/admin/overview]" time="0.040" /><testcase classname="backend.tests.test_saral_funding_v1.TestRBAC" name="test_missing_token_401[/api/admin/users]" time="0.044" /><testcase classname="backend.tests.test_saral_funding_v1.TestRBAC" name="test_missing_token_401[/api/admin/schemes]" time="0.041" /><testcase classname="backend.tests.test_saral_funding_v1.TestRBAC" name="test_missing_token_401[/api/admin/consultations]" time="0.040" /><testcase classname="backend.tests.test_saral_funding_v1.TestRBAC" name="test_missing_token_401[/api/admin/leads]" time="0.040" /><testcase classname="backend.tests.test_saral_funding_v1.TestRBAC" name="test_missing_token_401[/api/admin/analytics]" time="0.067" /><testcase classname="backend.tests.test_saral_funding_v1.TestRBAC" name="test_missing_token_401[/api/admin/exports/users.csv]" time="0.044" /><testcase classname="backend.tests.test_saral_funding_v1.TestRBAC" name="test_non_super_admin_cannot_update_role" time="0.044" /><testcase classname="backend.tests.test_saral_funding_v1.TestAdmin" name="test_overview" time="0.045" /><testcase classname="backend.tests.test_saral_funding_v1.TestAdmin" name="test_list_users_search_and_filter" time="0.128" /><testcase classname="backend.tests.test_saral_funding_v1.TestAdmin" name="test_user_detail" time="0.042" /><testcase classname="backend.tests.test_saral_funding_v1.TestAdmin" name="test_role_update_super_admin_only" time="0.134" /><testcase classname="backend.tests.test_saral_funding_v1.TestAdmin" name="test_admin_invalid_role_rejected" time="0.045" /><testcase classname="backend.tests.test_saral_funding_v1.TestAdmin" name="test_schemes_create_disable_enable" time="0.215" /><testcase classname="backend.tests.test_saral_funding_v1.TestAdmin" name="test_consultation_status_mirrors_lead" time="0.168" /><testcase classname="backend.tests.test_saral_funding_v1.TestAdmin" name="test_admin_update_lead_stage" time="0.127" /><testcase classname="backend.tests.test_saral_funding_v1.TestAdmin" name="test_admin_filter_leads_by_stage" time="0.045" /><testcase classname="backend.tests.test_saral_funding_v1.TestAdmin" name="test_admin_filter_consultations_by_status" time="0.043" /><testcase classname="backend.tests.test_saral_funding_v1.TestAdmin" name="test_admin_broadcast_notification" time="0.049" /><testcase classname="backend.tests.test_saral_funding_v1.TestAnalytics" name="test_analytics_shape" time="0.055" /><testcase classname="backend.tests.test_saral_funding_v1.TestExports" name="test_export_returns_csv[users.csv]" time="0.041" /><testcase classname="backend.tests.test_saral_funding_v1.TestExports" name="test_export_returns_csv[leads.csv]" time="0.042" /><testcase classname="backend.tests.test_saral_funding_v1.TestExports" name="test_export_returns_csv[consultations.csv]" time="0.040" /><testcase classname="backend.tests.test_saral_funding_v1.TestExports" name="test_export_returns_csv[schemes.csv]" time="0.042" /></testsuite></testsuites>