<?xml version="1.0" encoding="utf-8"?><testsuites name="pytest tests"><testsuite name="pytest" errors="0" failures="0" skipped="0" tests="36" time="7.039" timestamp="2026-06-09T10:49:11.084455+00:00" hostname="agent-env-04384488-a899-49fd-9964-9a3e88bc12a2"><testcase classname="backend.tests.test_saral_funding_backend.TestHealth" name="test_root" time="0.290" /><testcase classname="backend.tests.test_saral_funding_backend.TestAuth" name="test_send_otp_returns_mock_code" time="0.049" /><testcase classname="backend.tests.test_saral_funding_backend.TestAuth" name="test_send_otp_invalid_mobile" time="0.046" /><testcase classname="backend.tests.test_saral_funding_backend.TestAuth" name="test_verify_otp_wrong_code" time="0.064" /><testcase classname="backend.tests.test_saral_funding_backend.TestAuth" name="test_verify_otp_success_creates_user" time="0.104" /><testcase classname="backend.tests.test_saral_funding_backend.TestAuth" name="test_me_with_token" time="0.046" /><testcase classname="backend.tests.test_saral_funding_backend.TestAuth" name="test_me_without_auth" time="0.042" /><testcase classname="backend.tests.test_saral_funding_backend.TestAuth" name="test_me_invalid_token" time="0.046" /><testcase classname="backend.tests.test_saral_funding_backend.TestOnboarding" name="test_save_personal_profile_advances_step" time="0.089" /><testcase classname="backend.tests.test_saral_funding_backend.TestOnboarding" name="test_save_business_profile_advances_step" time="0.145" /><testcase classname="backend.tests.test_saral_funding_backend.TestOnboarding" name="test_save_funding_assessment_advances_and_triggers_match" time="1.831" /><testcase classname="backend.tests.test_saral_funding_backend.TestMatches" name="test_match_me_returns_dashboard" time="0.045" /><testcase classname="backend.tests.test_saral_funding_backend.TestSchemes" name="test_list_all_schemes_seeded" time="0.043" /><testcase classname="backend.tests.test_saral_funding_backend.TestSchemes" name="test_filter_by_category_women" time="0.042" /><testcase classname="backend.tests.test_saral_funding_backend.TestSchemes" name="test_filter_by_category_manufacturing" time="0.043" /><testcase classname="backend.tests.test_saral_funding_backend.TestSchemes" name="test_filter_by_category_startup_and_msme" time="0.087" /><testcase classname="backend.tests.test_saral_funding_backend.TestSchemes" name="test_search_query" time="0.043" /><testcase classname="backend.tests.test_saral_funding_backend.TestSchemes" name="test_scheme_detail" time="0.046" /><testcase classname="backend.tests.test_saral_funding_backend.TestSchemes" name="test_scheme_detail_not_found" time="0.042" /><testcase classname="backend.tests.test_saral_funding_backend.TestAdvisor" name="test_advisor_chat_and_history" time="2.994" /><testcase classname="backend.tests.test_saral_funding_backend.TestConsultations" name="test_book_and_list_consultation" time="0.091" /><testcase classname="backend.tests.test_saral_funding_backend.TestNotifications" name="test_notifications_list_and_mark_read" time="0.133" /><testcase classname="backend.tests.test_saral_funding_backend.TestAuthProtection" name="test_protected_endpoint_requires_auth[get-/api/auth/me-None]" time="0.046" /><testcase classname="backend.tests.test_saral_funding_backend.TestAuthProtection" name="test_protected_endpoint_requires_auth[post-/api/profile-body1]" time="0.042" /><testcase classname="backend.tests.test_saral_funding_backend.TestAuthProtection" name="test_protected_endpoint_requires_auth[post-/api/business-profile-body2]" time="0.042" /><testcase classname="backend.tests.test_saral_funding_backend.TestAuthProtection" name="test_protected_endpoint_requires_auth[get-/api/business-profile-None]" time="0.044" /><testcase classname="backend.tests.test_saral_funding_backend.TestAuthProtection" name="test_protected_endpoint_requires_auth[post-/api/funding-assessment-body4]" time="0.041" /><testcase classname="backend.tests.test_saral_funding_backend.TestAuthProtection" name="test_protected_endpoint_requires_auth[get-/api/funding-assessment-None]" time="0.041" /><testcase classname="backend.tests.test_saral_funding_backend.TestAuthProtection" name="test_protected_endpoint_requires_auth[get-/api/match/me-None]" time="0.042" /><testcase classname="backend.tests.test_saral_funding_backend.TestAuthProtection" name="test_protected_endpoint_requires_auth[post-/api/match/recompute-body7]" time="0.044" /><testcase classname="backend.tests.test_saral_funding_backend.TestAuthProtection" name="test_protected_endpoint_requires_auth[post-/api/advisor/chat-body8]" time="0.045" /><testcase classname="backend.tests.test_saral_funding_backend.TestAuthProtection" name="test_protected_endpoint_requires_auth[get-/api/advisor/history-None]" time="0.041" /><testcase classname="backend.tests.test_saral_funding_backend.TestAuthProtection" name="test_protected_endpoint_requires_auth[delete-/api/advisor/history-None]" time="0.042" /><testcase classname="backend.tests.test_saral_funding_backend.TestAuthProtection" name="test_protected_endpoint_requires_auth[post-/api/consultations-body11]" time="0.044" /><testcase classname="backend.tests.test_saral_funding_backend.TestAuthProtection" name="test_protected_endpoint_requires_auth[get-/api/consultations/me-None]" time="0.044" /><testcase classname="backend.tests.test_saral_funding_backend.TestAuthProtection" name="test_protected_endpoint_requires_auth[get-/api/notifications/me-None]" time="0.044" /></testsuite></testsuites>