<?xml version="1.0" encoding="utf-8"?><testsuites name="pytest tests"><testsuite name="pytest" errors="0" failures="5" skipped="0" tests="45" time="10.550" timestamp="2026-06-09T11:25:49.922896+00:00" hostname="agent-env-04384488-a899-49fd-9964-9a3e88bc12a2"><testcase classname="backend.tests.test_saral_funding_v1.TestFirebaseScaffold" name="test_root_reports_firebase_disabled" time="0.273" /><testcase classname="backend.tests.test_saral_funding_v1.TestFirebaseScaffold" name="test_firebase_verify_disabled_returns_401" time="0.047" /><testcase classname="backend.tests.test_saral_funding_v1.TestBanks" name="test_list_banks_returns_9" time="0.046"><failure message="AssertionError: missing/extra banks: {'indianbank', 'indian-bank'}&#10;assert {'axis', 'bob...an-bank', ...} == {'axis', 'bob...ianbank', ...}&#10;  &#10;  Extra items in the left set:&#10;  'indian-bank'&#10;  Extra items in the right set:&#10;  'indianbank'&#10;  &#10;  Full diff:...&#10;  &#10;  ...Full output truncated (13 lines hidden), use '-vv' to show">backend/tests/test_saral_funding_v1.py:90: in test_list_banks_returns_9
    assert ids == EXPECTED_BANKS, f"missing/extra banks: {ids ^ EXPECTED_BANKS}"
E   AssertionError: missing/extra banks: {'indianbank', 'indian-bank'}
E   assert {'axis', 'bob...an-bank', ...} == {'axis', 'bob...ianbank', ...}
E     
E     Extra items in the left set:
E     'indian-bank'
E     Extra items in the right set:
E     'indianbank'
E     
E     Full diff:...
E     
E     ...Full output truncated (13 lines hidden), use '-vv' to show</failure></testcase><testcase classname="backend.tests.test_saral_funding_v1.TestBanks" name="test_get_bank_detail" time="0.046" /><testcase classname="backend.tests.test_saral_funding_v1.TestBanks" name="test_get_bank_not_found" time="0.045" /><testcase classname="backend.tests.test_saral_funding_v1.TestBanks" name="test_recommend_my_banks" time="1.956"><failure message="AssertionError: rec missing id: {'bank_id': 'hdfc', 'name': 'HDFC Bank', 'short_name': 'HDFC', 'type': 'Private', 'score': 99, 'interest_range': '10.0%–16.0%', 'interest_min': 10.0, 'interest_max': 16.0, 'max_funding': 75000000, 'suggested_amount': 2000000, 'processing_fee_percent': 1.5, 'collateral_required': False, 'supports': ['MSME', 'Business Loan', 'Working Capital'], 'description': 'Largest private bank. Fast turnaround for unsecured business loans up to ₹75 lakhs.', 'why': 'Best for established businesses needing unsecured working capital with quick disbursal. Funding need ₹2,000,000 is within HDFC max of ₹75,000,000', 'reasons': ['Funding need ₹2,000,000 is within HDFC max of ₹75,000,000', 'Manufacturing is supported by HDFC', 'GST + Udyam registered — preferred by private banks']}&#10;assert 'id' in {'bank_id': 'hdfc', 'collateral_required': False, 'description': 'Largest private bank. Fast turnaround for unsecured business loans up to ₹75 lakhs.', 'interest_max': 16.0, ...}">backend/tests/test_saral_funding_v1.py:117: in test_recommend_my_banks
    assert k in rec, f"rec missing {k}: {rec}"
E   AssertionError: rec missing id: {'bank_id': 'hdfc', 'name': 'HDFC Bank', 'short_name': 'HDFC', 'type': 'Private', 'score': 99, 'interest_range': '10.0%–16.0%', 'interest_min': 10.0, 'interest_max': 16.0, 'max_funding': 75000000, 'suggested_amount': 2000000, 'processing_fee_percent': 1.5, 'collateral_required': False, 'supports': ['MSME', 'Business Loan', 'Working Capital'], 'description': 'Largest private bank. Fast turnaround for unsecured business loans up to ₹75 lakhs.', 'why': 'Best for established businesses needing unsecured working capital with quick disbursal. Funding need ₹2,000,000 is within HDFC max of ₹75,000,000', 'reasons': ['Funding need ₹2,000,000 is within HDFC max of ₹75,000,000', 'Manufacturing is supported by HDFC', 'GST + Udyam registered — preferred by private banks']}
E   assert 'id' in {'bank_id': 'hdfc', 'collateral_required': False, 'description': 'Largest private bank. Fast turnaround for unsecured business loans up to ₹75 lakhs.', 'interest_max': 16.0, ...}</failure></testcase><testcase classname="backend.tests.test_saral_funding_v1.TestBanks" name="test_compare_banks" time="0.044" /><testcase classname="backend.tests.test_saral_funding_v1.TestReadiness" name="test_my_readiness" time="0.045"><failure message="AssertionError: assert ('breakdown' in {'actions': [], 'breakdown': [{'label': 'Profile completion', 'max': 15, 'score': 15}, {'label': 'Business profile', 'max': 15, 'score': 15}, {'label': 'GST registration', 'max': 15, 'score': 15}, {'label': 'Udyam registration', 'max': 15, 'score': 15}, {'label': 'Business vintage &amp; turnover', 'max': 20, 'score': 20}, {'label': 'Assessment complete', 'max': 10, 'score': 10}, ...], 'max': 100, 'score': 100} and False)&#10; +  where False = isinstance([{'label': 'Profile completion', 'max': 15, 'score': 15}, {'label': 'Business profile', 'max': 15, 'score': 15}, {'label': 'GST registration', 'max': 15, 'score': 15}, {'label': 'Udyam registration', 'max': 15, 'score': 15}, {'label': 'Business vintage &amp; turnover', 'max': 20, 'score': 20}, {'label': 'Assessment complete', 'max': 10, 'score': 10}, ...], dict)">backend/tests/test_saral_funding_v1.py:143: in test_my_readiness
    assert "breakdown" in data and isinstance(data["breakdown"], dict)
E   AssertionError: assert ('breakdown' in {'actions': [], 'breakdown': [{'label': 'Profile completion', 'max': 15, 'score': 15}, {'label': 'Business profile', 'max': 15, 'score': 15}, {'label': 'GST registration', 'max': 15, 'score': 15}, {'label': 'Udyam registration', 'max': 15, 'score': 15}, {'label': 'Business vintage &amp; turnover', 'max': 20, 'score': 20}, {'label': 'Assessment complete', 'max': 10, 'score': 10}, ...], 'max': 100, 'score': 100} and False)
E    +  where False = isinstance([{'label': 'Profile completion', 'max': 15, 'score': 15}, {'label': 'Business profile', 'max': 15, 'score': 15}, {'label': 'GST registration', 'max': 15, 'score': 15}, {'label': 'Udyam registration', 'max': 15, 'score': 15}, {'label': 'Business vintage &amp; turnover', 'max': 20, 'score': 20}, {'label': 'Assessment complete', 'max': 10, 'score': 10}, ...], dict)</failure></testcase><testcase classname="backend.tests.test_saral_funding_v1.TestAlerts" name="test_evaluate_alerts_and_dedupe" time="0.106" /><testcase classname="backend.tests.test_saral_funding_v1.TestAdvisorStructured" name="test_structured_response_shape" time="5.541" /><testcase classname="backend.tests.test_saral_funding_v1.TestConsultationCreatesLead" name="test_book_consultation_creates_lead" time="0.198" /><testcase classname="backend.tests.test_saral_funding_v1.TestRBAC" name="test_non_admin_forbidden[get-/api/admin/overview]" time="0.042" /><testcase classname="backend.tests.test_saral_funding_v1.TestRBAC" name="test_non_admin_forbidden[get-/api/admin/users]" time="0.042" /><testcase classname="backend.tests.test_saral_funding_v1.TestRBAC" name="test_non_admin_forbidden[get-/api/admin/schemes]" time="0.047" /><testcase classname="backend.tests.test_saral_funding_v1.TestRBAC" name="test_non_admin_forbidden[get-/api/admin/consultations]" time="0.043" /><testcase classname="backend.tests.test_saral_funding_v1.TestRBAC" name="test_non_admin_forbidden[get-/api/admin/leads]" time="0.043" /><testcase classname="backend.tests.test_saral_funding_v1.TestRBAC" name="test_non_admin_forbidden[get-/api/admin/analytics]" time="0.047" /><testcase classname="backend.tests.test_saral_funding_v1.TestRBAC" name="test_non_admin_forbidden[get-/api/admin/exports/users.csv]" time="0.045" /><testcase classname="backend.tests.test_saral_funding_v1.TestRBAC" name="test_non_admin_forbidden[get-/api/admin/exports/leads.csv]" time="0.042" /><testcase classname="backend.tests.test_saral_funding_v1.TestRBAC" name="test_non_admin_forbidden[get-/api/admin/exports/consultations.csv]" time="0.044" /><testcase classname="backend.tests.test_saral_funding_v1.TestRBAC" name="test_non_admin_forbidden[get-/api/admin/exports/schemes.csv]" time="0.049" /><testcase classname="backend.tests.test_saral_funding_v1.TestRBAC" name="test_missing_token_401[/api/admin/overview]" time="0.048" /><testcase classname="backend.tests.test_saral_funding_v1.TestRBAC" name="test_missing_token_401[/api/admin/users]" time="0.043" /><testcase classname="backend.tests.test_saral_funding_v1.TestRBAC" name="test_missing_token_401[/api/admin/schemes]" time="0.056" /><testcase classname="backend.tests.test_saral_funding_v1.TestRBAC" name="test_missing_token_401[/api/admin/consultations]" time="0.042" /><testcase classname="backend.tests.test_saral_funding_v1.TestRBAC" name="test_missing_token_401[/api/admin/leads]" time="0.042" /><testcase classname="backend.tests.test_saral_funding_v1.TestRBAC" name="test_missing_token_401[/api/admin/analytics]" time="0.041" /><testcase classname="backend.tests.test_saral_funding_v1.TestRBAC" name="test_missing_token_401[/api/admin/exports/users.csv]" time="0.042" /><testcase classname="backend.tests.test_saral_funding_v1.TestRBAC" name="test_non_super_admin_cannot_update_role" time="0.045" /><testcase classname="backend.tests.test_saral_funding_v1.TestAdmin" name="test_overview" time="0.047" /><testcase classname="backend.tests.test_saral_funding_v1.TestAdmin" name="test_list_users_search_and_filter" time="0.137" /><testcase classname="backend.tests.test_saral_funding_v1.TestAdmin" name="test_user_detail" time="0.047" /><testcase classname="backend.tests.test_saral_funding_v1.TestAdmin" name="test_role_update_super_admin_only" time="0.130" /><testcase classname="backend.tests.test_saral_funding_v1.TestAdmin" name="test_admin_invalid_role_rejected" time="0.048" /><testcase classname="backend.tests.test_saral_funding_v1.TestAdmin" name="test_schemes_create_disable_enable" time="0.220" /><testcase classname="backend.tests.test_saral_funding_v1.TestAdmin" name="test_consultation_status_mirrors_lead" time="0.134" /><testcase classname="backend.tests.test_saral_funding_v1.TestAdmin" name="test_admin_update_lead_stage" time="0.142" /><testcase classname="backend.tests.test_saral_funding_v1.TestAdmin" name="test_admin_filter_leads_by_stage" time="0.048" /><testcase classname="backend.tests.test_saral_funding_v1.TestAdmin" name="test_admin_filter_consultations_by_status" time="0.048" /><testcase classname="backend.tests.test_saral_funding_v1.TestAdmin" name="test_admin_broadcast_notification" time="0.045" /><testcase classname="backend.tests.test_saral_funding_v1.TestAnalytics" name="test_analytics_shape" time="0.044" /><testcase classname="backend.tests.test_saral_funding_v1.TestExports" name="test_export_returns_csv[users.csv]" time="0.044" /><testcase classname="backend.tests.test_saral_funding_v1.TestExports" name="test_export_returns_csv[leads.csv]" time="0.043"><failure message="AssertionError: assert '_id' not in 'assigned_to...at,user_id\r'&#10;  &#10;  '_id' is contained here:&#10;    assigned_to,consultation_id,consultation_type,created_at,follow_up_date,full_name,funding_required,id,mobile,notes,source,stage,state,updated_at,user_id&#10;  ?                         +++">backend/tests/test_saral_funding_v1.py:418: in test_export_returns_csv
    assert "_id" not in r.text.split("\n")[0]
E   AssertionError: assert '_id' not in 'assigned_to...at,user_id\r'
E     
E     '_id' is contained here:
E       assigned_to,consultation_id,consultation_type,created_at,follow_up_date,full_name,funding_required,id,mobile,notes,source,stage,state,updated_at,user_id
E     ?                         +++</failure></testcase><testcase classname="backend.tests.test_saral_funding_v1.TestExports" name="test_export_returns_csv[consultations.csv]" time="0.043"><failure message="AssertionError: assert '_id' not in 'assigned_to...at,user_id\r'&#10;  &#10;  '_id' is contained here:&#10;    assigned_to,consultation_type,created_at,date,id,notes,status,time_slot,updated_at,user_id&#10;  ?                                                                                        +++">backend/tests/test_saral_funding_v1.py:418: in test_export_returns_csv
    assert "_id" not in r.text.split("\n")[0]
E   AssertionError: assert '_id' not in 'assigned_to...at,user_id\r'
E     
E     '_id' is contained here:
E       assigned_to,consultation_type,created_at,date,id,notes,status,time_slot,updated_at,user_id
E     ?                                                                                        +++</failure></testcase><testcase classname="backend.tests.test_saral_funding_v1.TestExports" name="test_export_returns_csv[schemes.csv]" time="0.044" /></testsuite></testsuites>